Fri Nov 30 2018 16:31:48 GMT+0000 (Greenwich Mean Time): GET /
Fri Nov 30 2018 16:31:51 GMT+0000 (Greenwich Mean Time): GET /
Fri Nov 30 2018 16:31:59 GMT+0000 (Greenwich Mean Time): GET /about
Fri Nov 30 2018 16:32:00 GMT+0000 (Greenwich Mean Time): GET /about
Fri Nov 30 2018 16:32:27 GMT+0000 (Greenwich Mean Time): GET /about
Fri Nov 30 2018 16:32:30 GMT+0000 (Greenwich Mean Time): GET /about
Fri Nov 30 2018 18:04:35 GMT+0000 (Greenwich Mean Time): GET /about
Fri Nov 30 2018 18:05:02 GMT+0000 (Greenwich Mean Time): GET /
Fri Nov 30 2018 18:31:00 GMT+0000 (Greenwich Mean Time): GET /
Fri Nov 30 2018 18:31:03 GMT+0000 (Greenwich Mean Time): GET /about
Fri Nov 30 2018 18:32:22 GMT+0000 (Greenwich Mean Time): GET /help.html
Fri Nov 30 2018 18:34:37 GMT+0000 (Greenwich Mean Time): GET /
Fri Nov 30 2018 18:34:40 GMT+0000 (Greenwich Mean Time): GET /about
Fri Nov 30 2018 18:34:41 GMT+0000 (Greenwich Mean Time): GET /
Fri Nov 30 2018 18:34:48 GMT+0000 (Greenwich Mean Time): GET /help.html
Tue Dec 04 2018 11:41:29 GMT+0000 (Greenwich Mean Time): GET /
Tue Dec 04 2018 11:41:29 GMT+0000 (Greenwich Mean Time): GET /favicon.ico
Tue Dec 04 2018 11:41:33 GMT+0000 (Greenwich Mean Time): GET /projects
Tue Dec 04 2018 11:41:33 GMT+0000 (Greenwich Mean Time): GET /favicon.ico
Tue Dec 04 2018 11:41:39 GMT+0000 (Greenwich Mean Time): GET /about
Tue Dec 04 2018 11:41:39 GMT+0000 (Greenwich Mean Time): GET /favicon.ico
Tue Dec 04 2018 11:41:40 GMT+0000 (Greenwich Mean Time): GET /
Tue Dec 04 2018 11:41:40 GMT+0000 (Greenwich Mean Time): GET /favicon.ico
Tue Dec 04 2018 11:43:01 GMT+0000 (Greenwich Mean Time): GET /
Tue Dec 04 2018 11:43:02 GMT+0000 (Greenwich Mean Time): GET /favicon.ico
